Using pre-set license
Built from '2021.3/staging' branch; Version is '2021.3.13f1 (9e7d58001ecf) revision 10386776'; Using compiler version '192829333'; Build Type 'Release'
OS: 'Windows 10  (10.0.19044) 64bit Core' Language: 'en' Physical Memory: 32620 MB
BatchMode: 1, IsHumanControllingUs: 0, StartBugReporterOnCrash: 0, Is64bit: 1, IsPro: 1

COMMAND LINE ARGUMENTS:
D:\UnityVersions\2021.3.13f1\Editor\Unity.exe
-adb2
-batchMode
-noUpm
-name
AssetImportWorker0
-projectPath
D:/Universidade/Mestrado/UnityMestrado/Projeto1/Ayahuasca/Ayahuasca
-logFile
Logs/AssetImportWorker0.log
-srvPort
55485
Successfully changed project path to: D:/Universidade/Mestrado/UnityMestrado/Projeto1/Ayahuasca/Ayahuasca
D:/Universidade/Mestrado/UnityMestrado/Projeto1/Ayahuasca/Ayahuasca
[UnityMemory] Configuration Parameters - Can be set up in boot.config
    "memorysetup-bucket-allocator-granularity=16"
    "memorysetup-bucket-allocator-bucket-count=8"
    "memorysetup-bucket-allocator-block-size=33554432"
    "memorysetup-bucket-allocator-block-count=8"
    "memorysetup-main-allocator-block-size=16777216"
    "memorysetup-thread-allocator-block-size=16777216"
    "memorysetup-gfx-main-allocator-block-size=16777216"
    "memorysetup-gfx-thread-allocator-block-size=16777216"
    "memorysetup-cache-allocator-block-size=4194304"
    "memorysetup-typetree-allocator-block-size=2097152"
    "memorysetup-profiler-bucket-allocator-granularity=16"
    "memorysetup-profiler-bucket-allocator-bucket-count=8"
    "memorysetup-profiler-bucket-allocator-block-size=33554432"
    "memorysetup-profiler-bucket-allocator-block-count=8"
    "memorysetup-profiler-allocator-block-size=16777216"
    "memorysetup-profiler-editor-allocator-block-size=1048576"
    "memorysetup-temp-allocator-size-main=16777216"
    "memorysetup-job-temp-allocator-block-size=2097152"
    "memorysetup-job-temp-allocator-block-size-background=1048576"
    "memorysetup-job-temp-allocator-reduction-small-platforms=262144"
    "memorysetup-temp-allocator-size-background-worker=32768"
    "memorysetup-temp-allocator-size-job-worker=262144"
    "memorysetup-temp-allocator-size-preload-manager=33554432"
    "memorysetup-temp-allocator-size-nav-mesh-worker=65536"
    "memorysetup-temp-allocator-size-audio-worker=65536"
    "memorysetup-temp-allocator-size-cloud-worker=32768"
    "memorysetup-temp-allocator-size-gi-baking-worker=262144"
    "memorysetup-temp-allocator-size-gfx=262144"
Refreshing native plugins compatible for Editor in 88.90 ms, found 3 plugins.
Preloading 0 native plugins for Editor in 0.00 ms.
Initialize engine version: 2021.3.13f1 (9e7d58001ecf)
[Subsystems] Discovering subsystems at path D:/UnityVersions/2021.3.13f1/Editor/Data/Resources/UnitySubsystems
[Subsystems] Discovering subsystems at path D:/Universidade/Mestrado/UnityMestrado/Projeto1/Ayahuasca/Ayahuasca/Assets
GfxDevice: creating device client; threaded=0; jobified=0
Direct3D:
    Version:  Direct3D 11.0 [level 11.1]
    Renderer: NVIDIA GeForce RTX 3060 Laptop GPU (ID=0x2560)
    Vendor:   NVIDIA
    VRAM:     6009 MB
    Driver:   31.0.15.2698
Initialize mono
Mono path[0] = 'D:/UnityVersions/2021.3.13f1/Editor/Data/Managed'
Mono path[1] = 'D:/UnityVersions/2021.3.13f1/Editor/Data/MonoBleedingEdge/lib/mono/unityjit-win32'
Mono config path = 'D:/UnityVersions/2021.3.13f1/Editor/Data/MonoBleedingEdge/etc'
Using monoOptions --debugger-agent=transport=dt_socket,embedding=1,server=y,suspend=n,address=127.0.0.1:56408
Begin MonoManager ReloadAssembly
Registering precompiled unity dll's ...
Register platform support module: D:/UnityVersions/2021.3.13f1/Editor/Data/PlaybackEngines/WindowsStandaloneSupport/UnityEditor.WindowsStandalone.Extensions.dll
Registered in 0.010145 seconds.
Native extension for WindowsStandalone target not found
Refreshing native plugins compatible for Editor in 87.77 ms, found 3 plugins.
Preloading 0 native plugins for Editor in 0.00 ms.
Mono: successfully reloaded assembly
- Completed reload, in  0.688 seconds
Domain Reload Profiling:
	ReloadAssembly (689ms)
		BeginReloadAssembly (98ms)
			ExecutionOrderSort (0ms)
			DisableScriptedObjects (0ms)
			BackupInstance (0ms)
			ReleaseScriptingObjects (0ms)
			CreateAndSetChildDomain (1ms)
		EndReloadAssembly (473ms)
			LoadAssemblies (93ms)
			RebuildTransferFunctionScriptingTraits (0ms)
			SetupTypeCache (106ms)
			ReleaseScriptCaches (0ms)
			RebuildScriptCaches (26ms)
			SetupLoadedEditorAssemblies (285ms)
				LogAssemblyErrors (0ms)
				InitializePlatformSupportModulesInManaged (9ms)
				SetLoadedEditorAssemblies (0ms)
				RefreshPlugins (88ms)
				BeforeProcessingInitializeOnLoad (1ms)
				ProcessInitializeOnLoadAttributes (143ms)
				ProcessInitializeOnLoadMethodAttributes (43ms)
				AfterProcessingInitializeOnLoad (0ms)
				EditorAssembliesLoaded (0ms)
			ExecutionOrderSort2 (0ms)
			AwakeInstancesAfterBackupRestoration (0ms)
Platform modules already initialized, skipping
Registering precompiled user dll's ...
Registered in 0.010849 seconds.
Begin MonoManager ReloadAssembly
Symbol file LoadedFromMemory is not a mono symbol file
Symbol file LoadedFromMemory doesn't match image D:\Universidade\Mestrado\UnityMestrado\Projeto1\Ayahuasca\Ayahuasca\Library\PackageCache\com.unity.visualscripting@1.7.8\Editor\VisualScripting.Core\Dependencies\YamlDotNet\Unity.VisualScripting.YamlDotNet.dll
Symbol file LoadedFromMemory doesn't match image D:\Universidade\Mestrado\UnityMestrado\Projeto1\Ayahuasca\Ayahuasca\Library\PackageCache\com.unity.visualscripting@1.7.8\Editor\VisualScripting.Core\Dependencies\DotNetZip\Unity.VisualScripting.IonicZip.dll
Native extension for WindowsStandalone target not found
Refreshing native plugins compatible for Editor in 92.42 ms, found 3 plugins.
Preloading 0 native plugins for Editor in 0.00 ms.
Mono: successfully reloaded assembly
- Completed reload, in  1.273 seconds
Domain Reload Profiling:
	ReloadAssembly (1274ms)
		BeginReloadAssembly (135ms)
			ExecutionOrderSort (0ms)
			DisableScriptedObjects (5ms)
			BackupInstance (0ms)
			ReleaseScriptingObjects (0ms)
			CreateAndSetChildDomain (20ms)
		EndReloadAssembly (1014ms)
			LoadAssemblies (127ms)
			RebuildTransferFunctionScriptingTraits (0ms)
			SetupTypeCache (257ms)
			ReleaseScriptCaches (1ms)
			RebuildScriptCaches (51ms)
			SetupLoadedEditorAssemblies (549ms)
				LogAssemblyErrors (0ms)
				InitializePlatformSupportModulesInManaged (6ms)
				SetLoadedEditorAssemblies (0ms)
				RefreshPlugins (93ms)
				BeforeProcessingInitializeOnLoad (116ms)
				ProcessInitializeOnLoadAttributes (289ms)
				ProcessInitializeOnLoadMethodAttributes (29ms)
				AfterProcessingInitializeOnLoad (15ms)
				EditorAssembliesLoaded (0ms)
			ExecutionOrderSort2 (0ms)
			AwakeInstancesAfterBackupRestoration (6ms)
Platform modules already initialized, skipping
========================================================================
Worker process is ready to serve import requests
Launched and connected shader compiler UnityShaderCompiler.exe after 0.04 seconds
Refreshing native plugins compatible for Editor in 0.81 ms, found 3 plugins.
Preloading 0 native plugins for Editor in 0.00 ms.
Unloading 3966 Unused Serialized files (Serialized files now loaded: 0)
Unloading 31 unused Assets / (113.4 KB). Loaded Objects now: 4423.
Memory consumption went from 138.2 MB to 138.1 MB.
Total: 4.014700 ms (FindLiveObjects: 0.332100 ms CreateObjectMapping: 0.300200 ms MarkObjects: 3.271400 ms  DeleteObjects: 0.109800 ms)

AssetImportParameters requested are different than current active one (requested -> active):
  custom:video-decoder-ogg-theora: a1e56fd34408186e4bbccfd4996cb3dc -> 
  custom:container-muxer-webm: aa71ff27fc2769a1b78a27578f13a17b -> 
  custom:container-demuxer-webm: 4f35f7cbe854078d1ac9338744f61a02 -> 
  custom:video-encoder-webm-vp8: eb34c28f22e8b96e1ab97ce403110664 -> 
  custom:video-codec-MediaFoundation-h265: 746d11721c4dcdbdad8f713fa42b33f4 -> 
  custom:audio-encoder-webm-vorbis: bf7c407c2cedff20999df2af8eb42d56 -> 
  custom:framework-win-MediaFoundation: 216162199b28c13a410421893ffa2e32 -> 
  custom:container-demuxer-ogg: 62fdf1f143b41e24485cea50d1cbac27 -> 
  custom:video-decoder-webm-vp8: 9c59270c3fd7afecdb556c50c9e8de78 -> 
  custom:audio-decoder-ogg-vorbis: bf7c407c2cedff20999df2af8eb42d56 -> 
========================================================================
Received Import Request.
  Time since last request: 130138.515454 seconds.
  path: Assets/Scenes/SampleScene.unity
  artifactKey: Guid(9fc0d4010bbf28b4594072e72b8655ab) Importer(815301076,1909f56bfc062723c751e8b465ee728b)
Start importing Assets/Scenes/SampleScene.unity using Guid(9fc0d4010bbf28b4594072e72b8655ab) Importer(815301076,1909f56bfc062723c751e8b465ee728b)  -> (artifact id: '52b59a5d7d6412f3a8599ccc7c4f4d06') in 0.021817 seconds 
========================================================================
Received Import Request.
  Time since last request: 478.091145 seconds.
  path: Assets/Scenes/Menu.unity
  artifactKey: Guid(5fb26464fdc435144980cda1f9e9c818) Importer(815301076,1909f56bfc062723c751e8b465ee728b)
Start importing Assets/Scenes/Menu.unity using Guid(5fb26464fdc435144980cda1f9e9c818) Importer(815301076,1909f56bfc062723c751e8b465ee728b)  -> (artifact id: '9334bd4bc98d080fda02f9b636134c7b') in 0.006387 seconds 
========================================================================
Received Import Request.
  Time since last request: 155.986821 seconds.
  path: Assets/Resources/Systems.prefab
  artifactKey: Guid(b58986c4810ccef43aae9d9394077421) Importer(815301076,1909f56bfc062723c751e8b465ee728b)
Start importing Assets/Resources/Systems.prefab using Guid(b58986c4810ccef43aae9d9394077421) Importer(815301076,1909f56bfc062723c751e8b465ee728b)  -> (artifact id: '2f1463466a3b2513df8ad1019be07a8f') in 0.058814 seconds 
========================================================================
Received Import Request.
  Time since last request: 8.814886 seconds.
  path: Assets/LeanTween
  artifactKey: Guid(5e6a0fa47acf54892bbdae89028eaec3) Importer(815301076,1909f56bfc062723c751e8b465ee728b)
Start importing Assets/LeanTween using Guid(5e6a0fa47acf54892bbdae89028eaec3) Importer(815301076,1909f56bfc062723c751e8b465ee728b)  -> (artifact id: '91e01a7bbb513c165639a1acdb2beef1') in 0.005877 seconds 
========================================================================
Received Import Request.
  Time since last request: 4.408308 seconds.
  path: Assets/_Inputs
  artifactKey: Guid(c4f8b9be01db0fa43bc4492c2e0a05ea) Importer(815301076,1909f56bfc062723c751e8b465ee728b)
Start importing Assets/_Inputs using Guid(c4f8b9be01db0fa43bc4492c2e0a05ea) Importer(815301076,1909f56bfc062723c751e8b465ee728b)  -> (artifact id: '5613451d70767f4895df94460c3ba188') in 0.005498 seconds 
========================================================================
Received Import Request.
  Time since last request: 6.052725 seconds.
  path: Assets/_Scripts
  artifactKey: Guid(5737b963a7c96d74c9a66474c8f1eb4e) Importer(815301076,1909f56bfc062723c751e8b465ee728b)
Start importing Assets/_Scripts using Guid(5737b963a7c96d74c9a66474c8f1eb4e) Importer(815301076,1909f56bfc062723c751e8b465ee728b)  -> (artifact id: 'e33327f3741e80714be67ed0b02dad93') in 0.006122 seconds 
========================================================================
Received Import Request.
  Time since last request: 2.228578 seconds.
  path: Assets/UI Toolkit
  artifactKey: Guid(5b772ee09cbcb5847a0c3b886134fd3a) Importer(815301076,1909f56bfc062723c751e8b465ee728b)
Start importing Assets/UI Toolkit using Guid(5b772ee09cbcb5847a0c3b886134fd3a) Importer(815301076,1909f56bfc062723c751e8b465ee728b)  -> (artifact id: 'f1384a56e38d02939337118caa922dee') in 0.005935 seconds 
========================================================================
Received Import Request.
  Time since last request: 0.584744 seconds.
  path: Assets/UI Toolkit/PanelSettings.asset
  artifactKey: Guid(a5c87a1a0d8282d49b2cc40cdfa2c619) Importer(815301076,1909f56bfc062723c751e8b465ee728b)
Start importing Assets/UI Toolkit/PanelSettings.asset using Guid(a5c87a1a0d8282d49b2cc40cdfa2c619) Importer(815301076,1909f56bfc062723c751e8b465ee728b)  -> (artifact id: 'a23b8865ccc7989e12bd2f7127d77261') in 0.023268 seconds 
========================================================================
Received Prepare
Registering precompiled user dll's ...
Registered in 0.010137 seconds.
Begin MonoManager ReloadAssembly
Symbol file LoadedFromMemory is not a mono symbol file
Symbol file LoadedFromMemory doesn't match image D:\Universidade\Mestrado\UnityMestrado\Projeto1\Ayahuasca\Ayahuasca\Library\PackageCache\com.unity.visualscripting@1.7.8\Editor\VisualScripting.Core\Dependencies\YamlDotNet\Unity.VisualScripting.YamlDotNet.dll
Symbol file LoadedFromMemory doesn't match image D:\Universidade\Mestrado\UnityMestrado\Projeto1\Ayahuasca\Ayahuasca\Library\PackageCache\com.unity.visualscripting@1.7.8\Editor\VisualScripting.Core\Dependencies\DotNetZip\Unity.VisualScripting.IonicZip.dll
Native extension for WindowsStandalone target not found
Refreshing native plugins compatible for Editor in 0.82 ms, found 3 plugins.
Preloading 0 native plugins for Editor in 0.00 ms.
Mono: successfully reloaded assembly
- Completed reload, in  1.101 seconds
Domain Reload Profiling:
	ReloadAssembly (1101ms)
		BeginReloadAssembly (185ms)
			ExecutionOrderSort (0ms)
			DisableScriptedObjects (5ms)
			BackupInstance (0ms)
			ReleaseScriptingObjects (0ms)
			CreateAndSetChildDomain (43ms)
		EndReloadAssembly (805ms)
			LoadAssemblies (146ms)
			RebuildTransferFunctionScriptingTraits (0ms)
			SetupTypeCache (229ms)
			ReleaseScriptCaches (1ms)
			RebuildScriptCaches (35ms)
			SetupLoadedEditorAssemblies (384ms)
				LogAssemblyErrors (0ms)
				InitializePlatformSupportModulesInManaged (13ms)
				SetLoadedEditorAssemblies (0ms)
				RefreshPlugins (1ms)
				BeforeProcessingInitializeOnLoad (91ms)
				ProcessInitializeOnLoadAttributes (236ms)
				ProcessInitializeOnLoadMethodAttributes (27ms)
				AfterProcessingInitializeOnLoad (15ms)
				EditorAssembliesLoaded (0ms)
			ExecutionOrderSort2 (0ms)
			AwakeInstancesAfterBackupRestoration (5ms)
Platform modules already initialized, skipping
Refreshing native plugins compatible for Editor in 2.84 ms, found 3 plugins.
Preloading 0 native plugins for Editor in 0.00 ms.
Unloading 3972 Unused Serialized files (Serialized files now loaded: 0)
Unloading 37 unused Assets / (0.8 MB). Loaded Objects now: 4428.
Memory consumption went from 140.2 MB to 139.4 MB.
Total: 3.285700 ms (FindLiveObjects: 0.272700 ms CreateObjectMapping: 0.107800 ms MarkObjects: 2.515500 ms  DeleteObjects: 0.388800 ms)

AssetImportParameters requested are different than current active one (requested -> active):
  custom:video-decoder-ogg-theora: a1e56fd34408186e4bbccfd4996cb3dc -> 
  custom:container-muxer-webm: aa71ff27fc2769a1b78a27578f13a17b -> 
  custom:container-demuxer-webm: 4f35f7cbe854078d1ac9338744f61a02 -> 
  custom:video-encoder-webm-vp8: eb34c28f22e8b96e1ab97ce403110664 -> 
  custom:video-codec-MediaFoundation-h265: 746d11721c4dcdbdad8f713fa42b33f4 -> 
  custom:audio-encoder-webm-vorbis: bf7c407c2cedff20999df2af8eb42d56 -> 
  custom:framework-win-MediaFoundation: 216162199b28c13a410421893ffa2e32 -> 
  custom:container-demuxer-ogg: 62fdf1f143b41e24485cea50d1cbac27 -> 
  custom:video-decoder-webm-vp8: 9c59270c3fd7afecdb556c50c9e8de78 -> 
  custom:audio-decoder-ogg-vorbis: bf7c407c2cedff20999df2af8eb42d56 -> 
========================================================================
Received Import Request.
  Time since last request: 5.539653 seconds.
  path: Assets/TextMesh Pro
  artifactKey: Guid(f54d1bd14bd3ca042bd867b519fee8cc) Importer(815301076,1909f56bfc062723c751e8b465ee728b)
Start importing Assets/TextMesh Pro using Guid(f54d1bd14bd3ca042bd867b519fee8cc) Importer(815301076,1909f56bfc062723c751e8b465ee728b)  -> (artifact id: 'f5648c5ef36b7beab651a001a8d08867') in 0.012120 seconds 
========================================================================
Received Import Request.
  Time since last request: 5.861669 seconds.
  path: Assets/_Prefabs
  artifactKey: Guid(8a5a500d39d651d4abe26b491dcf0015) Importer(815301076,1909f56bfc062723c751e8b465ee728b)
Start importing Assets/_Prefabs using Guid(8a5a500d39d651d4abe26b491dcf0015) Importer(815301076,1909f56bfc062723c751e8b465ee728b)  -> (artifact id: '4e2df91e9bb171681fefe88929727bac') in 0.005528 seconds 
========================================================================
Received Import Request.
  Time since last request: 5.538775 seconds.
  path: Assets/Plugins/QFSW
  artifactKey: Guid(fad6c9d6dc63f444db8b750a1ad5100e) Importer(815301076,1909f56bfc062723c751e8b465ee728b)
Start importing Assets/Plugins/QFSW using Guid(fad6c9d6dc63f444db8b750a1ad5100e) Importer(815301076,1909f56bfc062723c751e8b465ee728b)  -> (artifact id: 'bf05620e2ce86a68c78ba142d40426f9') in 0.005510 seconds 
========================================================================
Received Import Request.
  Time since last request: 0.512709 seconds.
  path: Assets/Plugins/QFSW/Quantum Console
  artifactKey: Guid(386c7c8e2799f7344a6d6d2b34d70c2d) Importer(815301076,1909f56bfc062723c751e8b465ee728b)
Start importing Assets/Plugins/QFSW/Quantum Console using Guid(386c7c8e2799f7344a6d6d2b34d70c2d) Importer(815301076,1909f56bfc062723c751e8b465ee728b)  -> (artifact id: '0a70c7db03e93920d443c630f919ea76') in 0.005872 seconds 
========================================================================
Received Import Request.
  Time since last request: 0.432192 seconds.
  path: Assets/Plugins/QFSW/Quantum Console/Source
  artifactKey: Guid(f60ebd22ee7ed654aad251ecbb5af039) Importer(815301076,1909f56bfc062723c751e8b465ee728b)
Start importing Assets/Plugins/QFSW/Quantum Console/Source using Guid(f60ebd22ee7ed654aad251ecbb5af039) Importer(815301076,1909f56bfc062723c751e8b465ee728b)  -> (artifact id: '9c322a9eadf53954417a5984c4c80ce1') in 0.006269 seconds 
========================================================================
Received Import Request.
  Time since last request: 1.202419 seconds.
  path: Assets/Plugins/QFSW/Quantum Console/Source/Prefabs
  artifactKey: Guid(6040c682eb70bbf418ab42e0fe8f1fb9) Importer(815301076,1909f56bfc062723c751e8b465ee728b)
Start importing Assets/Plugins/QFSW/Quantum Console/Source/Prefabs using Guid(6040c682eb70bbf418ab42e0fe8f1fb9) Importer(815301076,1909f56bfc062723c751e8b465ee728b)  -> (artifact id: '990ac018a32cf6080c3645bc39f4ca6e') in 0.006068 seconds 
========================================================================
Received Import Request.
  Time since last request: 0.051706 seconds.
  path: Assets/Plugins/QFSW/Quantum Console/Source/Prefabs/Default Key Config.asset
  artifactKey: Guid(090da11157287de47ae5c615b8ed3cf9) Importer(815301076,1909f56bfc062723c751e8b465ee728b)
Start importing Assets/Plugins/QFSW/Quantum Console/Source/Prefabs/Default Key Config.asset using Guid(090da11157287de47ae5c615b8ed3cf9) Importer(815301076,1909f56bfc062723c751e8b465ee728b)  -> (artifact id: 'de400c64e018f2137e5395d7d0edd1c6') in 0.027885 seconds 
========================================================================
Received Import Request.
  Time since last request: 0.000035 seconds.
  path: Assets/Plugins/QFSW/Quantum Console/Source/Prefabs/Default Theme (SRP).asset
  artifactKey: Guid(769f3deee63c82a4c9896ac917227625) Importer(815301076,1909f56bfc062723c751e8b465ee728b)
Start importing Assets/Plugins/QFSW/Quantum Console/Source/Prefabs/Default Theme (SRP).asset using Guid(769f3deee63c82a4c9896ac917227625) Importer(815301076,1909f56bfc062723c751e8b465ee728b)  -> (artifact id: '1bccd8b003a8982da7fb1075fce1a85a') in 0.037224 seconds 
========================================================================
Received Import Request.
  Time since last request: 0.000029 seconds.
  path: Assets/Plugins/QFSW/Quantum Console/Source/Prefabs/Quantum Console.prefab
  artifactKey: Guid(9ed2a051c32b4fe47a5e4fb95c20b03f) Importer(815301076,1909f56bfc062723c751e8b465ee728b)
Start importing Assets/Plugins/QFSW/Quantum Console/Source/Prefabs/Quantum Console.prefab using Guid(9ed2a051c32b4fe47a5e4fb95c20b03f) Importer(815301076,1909f56bfc062723c751e8b465ee728b)  -> (artifact id: '6be3ac7c4d4e8c8b21319b08cfddb689') in 0.064489 seconds 
Editor requested this worker to shutdown with reason: Scaling down because of idle timeout
AssetImportWorker is now disconnected from the server
Process exiting
Exiting without the bug reporter. Application will terminate with return code 0