Using pre-set license
Built from '2021.3/staging' branch; Version is '2021.3.13f1 (9e7d58001ecf) revision 10386776'; Using compiler version '192829333'; Build Type 'Release'
OS: 'Windows 10  (10.0.19044) 64bit Core' Language: 'en' Physical Memory: 32620 MB
BatchMode: 1, IsHumanControllingUs: 0, StartBugReporterOnCrash: 0, Is64bit: 1, IsPro: 1

COMMAND LINE ARGUMENTS:
D:\UnityVersions\2021.3.13f1\Editor\Unity.exe
-adb2
-batchMode
-noUpm
-name
AssetImportWorker2
-projectPath
D:/Universidade/Mestrado/UnityMestrado/Projeto1/Ayahuasca/Ayahuasca
-logFile
Logs/AssetImportWorker2.log
-srvPort
57377
Successfully changed project path to: D:/Universidade/Mestrado/UnityMestrado/Projeto1/Ayahuasca/Ayahuasca
D:/Universidade/Mestrado/UnityMestrado/Projeto1/Ayahuasca/Ayahuasca
[UnityMemory] Configuration Parameters - Can be set up in boot.config
    "memorysetup-bucket-allocator-granularity=16"
    "memorysetup-bucket-allocator-bucket-count=8"
    "memorysetup-bucket-allocator-block-size=33554432"
    "memorysetup-bucket-allocator-block-count=8"
    "memorysetup-main-allocator-block-size=16777216"
    "memorysetup-thread-allocator-block-size=16777216"
    "memorysetup-gfx-main-allocator-block-size=16777216"
    "memorysetup-gfx-thread-allocator-block-size=16777216"
    "memorysetup-cache-allocator-block-size=4194304"
    "memorysetup-typetree-allocator-block-size=2097152"
    "memorysetup-profiler-bucket-allocator-granularity=16"
    "memorysetup-profiler-bucket-allocator-bucket-count=8"
    "memorysetup-profiler-bucket-allocator-block-size=33554432"
    "memorysetup-profiler-bucket-allocator-block-count=8"
    "memorysetup-profiler-allocator-block-size=16777216"
    "memorysetup-profiler-editor-allocator-block-size=1048576"
    "memorysetup-temp-allocator-size-main=16777216"
    "memorysetup-job-temp-allocator-block-size=2097152"
    "memorysetup-job-temp-allocator-block-size-background=1048576"
    "memorysetup-job-temp-allocator-reduction-small-platforms=262144"
    "memorysetup-temp-allocator-size-background-worker=32768"
    "memorysetup-temp-allocator-size-job-worker=262144"
    "memorysetup-temp-allocator-size-preload-manager=33554432"
    "memorysetup-temp-allocator-size-nav-mesh-worker=65536"
    "memorysetup-temp-allocator-size-audio-worker=65536"
    "memorysetup-temp-allocator-size-cloud-worker=32768"
    "memorysetup-temp-allocator-size-gi-baking-worker=262144"
    "memorysetup-temp-allocator-size-gfx=262144"
Refreshing native plugins compatible for Editor in 133.86 ms, found 3 plugins.
Preloading 0 native plugins for Editor in 0.00 ms.
Initialize engine version: 2021.3.13f1 (9e7d58001ecf)
[Subsystems] Discovering subsystems at path D:/UnityVersions/2021.3.13f1/Editor/Data/Resources/UnitySubsystems
[Subsystems] Discovering subsystems at path D:/Universidade/Mestrado/UnityMestrado/Projeto1/Ayahuasca/Ayahuasca/Assets
GfxDevice: creating device client; threaded=0; jobified=0
Direct3D:
    Version:  Direct3D 11.0 [level 11.1]
    Renderer: NVIDIA GeForce RTX 3060 Laptop GPU (ID=0x2560)
    Vendor:   NVIDIA
    VRAM:     6009 MB
    Driver:   31.0.15.2698
Initialize mono
Mono path[0] = 'D:/UnityVersions/2021.3.13f1/Editor/Data/Managed'
Mono path[1] = 'D:/UnityVersions/2021.3.13f1/Editor/Data/MonoBleedingEdge/lib/mono/unityjit-win32'
Mono config path = 'D:/UnityVersions/2021.3.13f1/Editor/Data/MonoBleedingEdge/etc'
Using monoOptions --debugger-agent=transport=dt_socket,embedding=1,server=y,suspend=n,address=127.0.0.1:56740
Begin MonoManager ReloadAssembly
Registering precompiled unity dll's ...
Register platform support module: D:/UnityVersions/2021.3.13f1/Editor/Data/PlaybackEngines/WindowsStandaloneSupport/UnityEditor.WindowsStandalone.Extensions.dll
Registered in 0.013197 seconds.
Native extension for WindowsStandalone target not found
Refreshing native plugins compatible for Editor in 160.69 ms, found 3 plugins.
Preloading 0 native plugins for Editor in 0.00 ms.
Mono: successfully reloaded assembly
- Completed reload, in  0.886 seconds
Domain Reload Profiling:
	ReloadAssembly (887ms)
		BeginReloadAssembly (126ms)
			ExecutionOrderSort (0ms)
			DisableScriptedObjects (0ms)
			BackupInstance (0ms)
			ReleaseScriptingObjects (0ms)
			CreateAndSetChildDomain (1ms)
		EndReloadAssembly (615ms)
			LoadAssemblies (120ms)
			RebuildTransferFunctionScriptingTraits (0ms)
			SetupTypeCache (121ms)
			ReleaseScriptCaches (0ms)
			RebuildScriptCaches (47ms)
			SetupLoadedEditorAssemblies (372ms)
				LogAssemblyErrors (0ms)
				InitializePlatformSupportModulesInManaged (14ms)
				SetLoadedEditorAssemblies (0ms)
				RefreshPlugins (161ms)
				BeforeProcessingInitializeOnLoad (2ms)
				ProcessInitializeOnLoadAttributes (148ms)
				ProcessInitializeOnLoadMethodAttributes (47ms)
				AfterProcessingInitializeOnLoad (0ms)
				EditorAssembliesLoaded (0ms)
			ExecutionOrderSort2 (0ms)
			AwakeInstancesAfterBackupRestoration (0ms)
Platform modules already initialized, skipping
Registering precompiled user dll's ...
Registered in 0.014757 seconds.
Begin MonoManager ReloadAssembly
Symbol file LoadedFromMemory is not a mono symbol file
Symbol file LoadedFromMemory doesn't match image D:\Universidade\Mestrado\UnityMestrado\Projeto1\Ayahuasca\Ayahuasca\Library\PackageCache\com.unity.visualscripting@1.7.8\Editor\VisualScripting.Core\Dependencies\YamlDotNet\Unity.VisualScripting.YamlDotNet.dll
Symbol file LoadedFromMemory doesn't match image D:\Universidade\Mestrado\UnityMestrado\Projeto1\Ayahuasca\Ayahuasca\Library\PackageCache\com.unity.visualscripting@1.7.8\Editor\VisualScripting.Core\Dependencies\DotNetZip\Unity.VisualScripting.IonicZip.dll
Native extension for WindowsStandalone target not found
Refreshing native plugins compatible for Editor in 116.66 ms, found 3 plugins.
Preloading 0 native plugins for Editor in 0.00 ms.
Mono: successfully reloaded assembly
- Completed reload, in  1.468 seconds
Domain Reload Profiling:
	ReloadAssembly (1469ms)
		BeginReloadAssembly (128ms)
			ExecutionOrderSort (0ms)
			DisableScriptedObjects (6ms)
			BackupInstance (0ms)
			ReleaseScriptingObjects (0ms)
			CreateAndSetChildDomain (22ms)
		EndReloadAssembly (1220ms)
			LoadAssemblies (129ms)
			RebuildTransferFunctionScriptingTraits (0ms)
			SetupTypeCache (276ms)
			ReleaseScriptCaches (1ms)
			RebuildScriptCaches (61ms)
			SetupLoadedEditorAssemblies (721ms)
				LogAssemblyErrors (0ms)
				InitializePlatformSupportModulesInManaged (7ms)
				SetLoadedEditorAssemblies (0ms)
				RefreshPlugins (117ms)
				BeforeProcessingInitializeOnLoad (156ms)
				ProcessInitializeOnLoadAttributes (342ms)
				ProcessInitializeOnLoadMethodAttributes (85ms)
				AfterProcessingInitializeOnLoad (15ms)
				EditorAssembliesLoaded (0ms)
			ExecutionOrderSort2 (0ms)
			AwakeInstancesAfterBackupRestoration (6ms)
Platform modules already initialized, skipping
========================================================================
Worker process is ready to serve import requests
Launched and connected shader compiler UnityShaderCompiler.exe after 0.05 seconds
Refreshing native plugins compatible for Editor in 2.06 ms, found 3 plugins.
Preloading 0 native plugins for Editor in 0.00 ms.
Unloading 5804 Unused Serialized files (Serialized files now loaded: 0)
Unloading 38 unused Assets / (404.8 KB). Loaded Objects now: 6272.
Memory consumption went from 265.9 MB to 265.5 MB.
Total: 3.922900 ms (FindLiveObjects: 0.462300 ms CreateObjectMapping: 0.182700 ms MarkObjects: 3.065200 ms  DeleteObjects: 0.211700 ms)

AssetImportParameters requested are different than current active one (requested -> active):
  custom:video-decoder-ogg-theora: a1e56fd34408186e4bbccfd4996cb3dc -> 
  custom:container-muxer-webm: aa71ff27fc2769a1b78a27578f13a17b -> 
  custom:container-demuxer-webm: 4f35f7cbe854078d1ac9338744f61a02 -> 
  custom:video-encoder-webm-vp8: eb34c28f22e8b96e1ab97ce403110664 -> 
  custom:video-codec-MediaFoundation-h265: 746d11721c4dcdbdad8f713fa42b33f4 -> 
  custom:audio-encoder-webm-vorbis: bf7c407c2cedff20999df2af8eb42d56 -> 
  custom:framework-win-MediaFoundation: 216162199b28c13a410421893ffa2e32 -> 
  custom:container-demuxer-ogg: 62fdf1f143b41e24485cea50d1cbac27 -> 
  custom:video-decoder-webm-vp8: 9c59270c3fd7afecdb556c50c9e8de78 -> 
  custom:audio-decoder-ogg-vorbis: bf7c407c2cedff20999df2af8eb42d56 -> 
========================================================================
Received Import Request.
  Time since last request: 327170.203138 seconds.
  path: Assets/_Art/Fantasy Adventure Environment/Shaders
  artifactKey: Guid(a878dff3573576d4fafc9b62f01d1e26) Importer(815301076,1909f56bfc062723c751e8b465ee728b)
Start importing Assets/_Art/Fantasy Adventure Environment/Shaders using Guid(a878dff3573576d4fafc9b62f01d1e26) Importer(815301076,1909f56bfc062723c751e8b465ee728b)  -> (artifact id: 'b97b23cd441ba3c020f2c407ed563356') in 0.016874 seconds 
========================================================================
Received Import Request.
  Time since last request: 0.030275 seconds.
  path: Assets/_Art/Fantasy Adventure Environment/Shaders/VS_InstancedIndirect.cginc
  artifactKey: Guid(00c305d1767ffb741905e18493a33c9b) Importer(815301076,1909f56bfc062723c751e8b465ee728b)
Start importing Assets/_Art/Fantasy Adventure Environment/Shaders/VS_InstancedIndirect.cginc using Guid(00c305d1767ffb741905e18493a33c9b) Importer(815301076,1909f56bfc062723c751e8b465ee728b)  -> (artifact id: '7e03dcb1e15ad45f61bf2f18e0cac661') in 0.030093 seconds 
========================================================================
Received Import Request.
  Time since last request: 1.754029 seconds.
  path: Assets/_Art/Fantasy Adventure Environment/Materials
  artifactKey: Guid(6179aae4ed923a747b082b57ea6f814b) Importer(815301076,1909f56bfc062723c751e8b465ee728b)
Start importing Assets/_Art/Fantasy Adventure Environment/Materials using Guid(6179aae4ed923a747b082b57ea6f814b) Importer(815301076,1909f56bfc062723c751e8b465ee728b)  -> (artifact id: 'd1faa8e41d8c762d61318a5d907ba03a') in 0.006485 seconds 
========================================================================
Received Import Request.
  Time since last request: 1.225775 seconds.
  path: Assets/_Art/Fantasy Adventure Environment/Materials/Effects
  artifactKey: Guid(fb6c0e64cadbf1d40848375426433efe) Importer(815301076,1909f56bfc062723c751e8b465ee728b)
Start importing Assets/_Art/Fantasy Adventure Environment/Materials/Effects using Guid(fb6c0e64cadbf1d40848375426433efe) Importer(815301076,1909f56bfc062723c751e8b465ee728b)  -> (artifact id: 'ea80845e8e2eb4aad54b23bad1b022f3') in 0.002493 seconds 
========================================================================
Received Import Request.
  Time since last request: 0.036662 seconds.
  path: Assets/_Art/Fantasy Adventure Environment/Materials/Effects/FAE_AdditiveParticle.mat
  artifactKey: Guid(6f7eb092bd8c5744984d49b87e9aeafc) Importer(815301076,1909f56bfc062723c751e8b465ee728b)
Start importing Assets/_Art/Fantasy Adventure Environment/Materials/Effects/FAE_AdditiveParticle.mat using Guid(6f7eb092bd8c5744984d49b87e9aeafc) Importer(815301076,1909f56bfc062723c751e8b465ee728b)  -> (artifact id: 'bc2a6f818161bf64df52d2217674d435') in 1.215611 seconds 
========================================================================
Received Import Request.
  Time since last request: 138.271056 seconds.
  path: Assets/_Art/Fantasy Adventure Environment/_DemoScenes
  artifactKey: Guid(295b9ea649c9d254e9cc8a1ad109a455) Importer(815301076,1909f56bfc062723c751e8b465ee728b)
Start importing Assets/_Art/Fantasy Adventure Environment/_DemoScenes using Guid(295b9ea649c9d254e9cc8a1ad109a455) Importer(815301076,1909f56bfc062723c751e8b465ee728b)  -> (artifact id: '17406f0467d8168e7671a721452abaa7') in 0.005893 seconds 
========================================================================
Received Import Request.
  Time since last request: 0.984940 seconds.
  path: Assets/_Art/Fantasy Adventure Environment/_DemoScenes/FAE_AssetOverview.unity
  artifactKey: Guid(65dd4393d66e40844b95cd96aa7d660b) Importer(815301076,1909f56bfc062723c751e8b465ee728b)
Start importing Assets/_Art/Fantasy Adventure Environment/_DemoScenes/FAE_AssetOverview.unity using Guid(65dd4393d66e40844b95cd96aa7d660b) Importer(815301076,1909f56bfc062723c751e8b465ee728b)  -> (artifact id: '4a0e612541d1f50e8b96d1ee658aa368') in 0.008055 seconds 
========================================================================
Received Import Request.
  Time since last request: 0.553143 seconds.
  path: Assets/_Art/Fantasy Adventure Environment/_DemoScenes/FAE_CliffCoverageDemo.unity
  artifactKey: Guid(271de4c5e6eaab449ab8dcb52402309f) Importer(815301076,1909f56bfc062723c751e8b465ee728b)
Start importing Assets/_Art/Fantasy Adventure Environment/_DemoScenes/FAE_CliffCoverageDemo.unity using Guid(271de4c5e6eaab449ab8dcb52402309f) Importer(815301076,1909f56bfc062723c751e8b465ee728b)  -> (artifact id: 'f98c013eadd9978bb0c19f16ed4025c1') in 0.006413 seconds 
========================================================================
Received Import Request.
  Time since last request: 0.522903 seconds.
  path: Assets/_Art/Fantasy Adventure Environment/_DemoScenes/FAE_Demo1.unity
  artifactKey: Guid(8df6c78b22878164e8cd1bf5e9c0a1ed) Importer(815301076,1909f56bfc062723c751e8b465ee728b)
Start importing Assets/_Art/Fantasy Adventure Environment/_DemoScenes/FAE_Demo1.unity using Guid(8df6c78b22878164e8cd1bf5e9c0a1ed) Importer(815301076,1909f56bfc062723c751e8b465ee728b)  -> (artifact id: '0965b28fbcb22f154d6c0e46b1660415') in 0.007003 seconds 
========================================================================
Received Import Request.
  Time since last request: 0.521899 seconds.
  path: Assets/_Art/Fantasy Adventure Environment/_DemoScenes/FAE_RocksDemo.unity
  artifactKey: Guid(fe6c703b734b2d349b12b70e4b9057c6) Importer(815301076,1909f56bfc062723c751e8b465ee728b)
Start importing Assets/_Art/Fantasy Adventure Environment/_DemoScenes/FAE_RocksDemo.unity using Guid(fe6c703b734b2d349b12b70e4b9057c6) Importer(815301076,1909f56bfc062723c751e8b465ee728b)  -> (artifact id: '5b5026b4aa8dc357319bb5e6933bc166') in 0.014072 seconds 
========================================================================
Received Import Request.
  Time since last request: 76.682924 seconds.
  path: Assets/_Art/Fantasy Adventure Environment/Models/Trees/FAE_Willow_B.fbx
  artifactKey: Guid(95e0c1a111d1a4542bd2bf1f8b1bce66) Importer(815301076,1909f56bfc062723c751e8b465ee728b)
Start importing Assets/_Art/Fantasy Adventure Environment/Models/Trees/FAE_Willow_B.fbx using Guid(95e0c1a111d1a4542bd2bf1f8b1bce66) Importer(815301076,1909f56bfc062723c751e8b465ee728b)  -> (artifact id: 'f5fbfc330ec5ab88611e49909c2d241f') in 0.208925 seconds 
========================================================================
Received Prepare
Registering precompiled user dll's ...
Registered in 0.015461 seconds.
Begin MonoManager ReloadAssembly
Symbol file LoadedFromMemory is not a mono symbol file
Symbol file LoadedFromMemory doesn't match image D:\Universidade\Mestrado\UnityMestrado\Projeto1\Ayahuasca\Ayahuasca\Library\PackageCache\com.unity.visualscripting@1.7.8\Editor\VisualScripting.Core\Dependencies\YamlDotNet\Unity.VisualScripting.YamlDotNet.dll
Symbol file LoadedFromMemory doesn't match image D:\Universidade\Mestrado\UnityMestrado\Projeto1\Ayahuasca\Ayahuasca\Library\PackageCache\com.unity.visualscripting@1.7.8\Editor\VisualScripting.Core\Dependencies\DotNetZip\Unity.VisualScripting.IonicZip.dll
Native extension for WindowsStandalone target not found
Refreshing native plugins compatible for Editor in 1.25 ms, found 3 plugins.
Preloading 0 native plugins for Editor in 0.00 ms.
Mono: successfully reloaded assembly
- Completed reload, in  1.446 seconds
Domain Reload Profiling:
	ReloadAssembly (1447ms)
		BeginReloadAssembly (203ms)
			ExecutionOrderSort (0ms)
			DisableScriptedObjects (9ms)
			BackupInstance (0ms)
			ReleaseScriptingObjects (0ms)
			CreateAndSetChildDomain (61ms)
		EndReloadAssembly (1133ms)
			LoadAssemblies (143ms)
			RebuildTransferFunctionScriptingTraits (0ms)
			SetupTypeCache (282ms)
			ReleaseScriptCaches (2ms)
			RebuildScriptCaches (49ms)
			SetupLoadedEditorAssemblies (588ms)
				LogAssemblyErrors (0ms)
				InitializePlatformSupportModulesInManaged (14ms)
				SetLoadedEditorAssemblies (0ms)
				RefreshPlugins (1ms)
				BeforeProcessingInitializeOnLoad (135ms)
				ProcessInitializeOnLoadAttributes (329ms)
				ProcessInitializeOnLoadMethodAttributes (92ms)
				AfterProcessingInitializeOnLoad (16ms)
				EditorAssembliesLoaded (0ms)
			ExecutionOrderSort2 (0ms)
			AwakeInstancesAfterBackupRestoration (13ms)
Platform modules already initialized, skipping
Refreshing native plugins compatible for Editor in 4.78 ms, found 3 plugins.
Preloading 0 native plugins for Editor in 0.00 ms.
Unloading 5641 Unused Serialized files (Serialized files now loaded: 0)
Unloading 30 unused Assets / (374.3 KB). Loaded Objects now: 6368.
Memory consumption went from 263.7 MB to 263.3 MB.
Total: 4.315800 ms (FindLiveObjects: 0.456900 ms CreateObjectMapping: 0.388700 ms MarkObjects: 3.239400 ms  DeleteObjects: 0.228900 ms)

AssetImportParameters requested are different than current active one (requested -> active):
  custom:video-decoder-ogg-theora: a1e56fd34408186e4bbccfd4996cb3dc -> 
  custom:container-muxer-webm: aa71ff27fc2769a1b78a27578f13a17b -> 
  custom:container-demuxer-webm: 4f35f7cbe854078d1ac9338744f61a02 -> 
  custom:video-encoder-webm-vp8: eb34c28f22e8b96e1ab97ce403110664 -> 
  custom:video-codec-MediaFoundation-h265: 746d11721c4dcdbdad8f713fa42b33f4 -> 
  custom:audio-encoder-webm-vorbis: bf7c407c2cedff20999df2af8eb42d56 -> 
  custom:framework-win-MediaFoundation: 216162199b28c13a410421893ffa2e32 -> 
  custom:container-demuxer-ogg: 62fdf1f143b41e24485cea50d1cbac27 -> 
  custom:video-decoder-webm-vp8: 9c59270c3fd7afecdb556c50c9e8de78 -> 
  custom:audio-decoder-ogg-vorbis: bf7c407c2cedff20999df2af8eb42d56 -> 
========================================================================
Received Prepare
Registering precompiled user dll's ...
Registered in 0.014546 seconds.
Begin MonoManager ReloadAssembly
Symbol file LoadedFromMemory is not a mono symbol file
Symbol file LoadedFromMemory doesn't match image D:\Universidade\Mestrado\UnityMestrado\Projeto1\Ayahuasca\Ayahuasca\Library\PackageCache\com.unity.visualscripting@1.7.8\Editor\VisualScripting.Core\Dependencies\YamlDotNet\Unity.VisualScripting.YamlDotNet.dll
Symbol file LoadedFromMemory doesn't match image D:\Universidade\Mestrado\UnityMestrado\Projeto1\Ayahuasca\Ayahuasca\Library\PackageCache\com.unity.visualscripting@1.7.8\Editor\VisualScripting.Core\Dependencies\DotNetZip\Unity.VisualScripting.IonicZip.dll
Native extension for WindowsStandalone target not found
Refreshing native plugins compatible for Editor in 1.23 ms, found 3 plugins.
Preloading 0 native plugins for Editor in 0.00 ms.
Mono: successfully reloaded assembly
- Completed reload, in  1.592 seconds
Domain Reload Profiling:
	ReloadAssembly (1593ms)
		BeginReloadAssembly (210ms)
			ExecutionOrderSort (0ms)
			DisableScriptedObjects (8ms)
			BackupInstance (0ms)
			ReleaseScriptingObjects (0ms)
			CreateAndSetChildDomain (56ms)
		EndReloadAssembly (1271ms)
			LoadAssemblies (151ms)
			RebuildTransferFunctionScriptingTraits (0ms)
			SetupTypeCache (350ms)
			ReleaseScriptCaches (3ms)
			RebuildScriptCaches (62ms)
			SetupLoadedEditorAssemblies (630ms)
				LogAssemblyErrors (0ms)
				InitializePlatformSupportModulesInManaged (14ms)
				SetLoadedEditorAssemblies (1ms)
				RefreshPlugins (1ms)
				BeforeProcessingInitializeOnLoad (147ms)
				ProcessInitializeOnLoadAttributes (343ms)
				ProcessInitializeOnLoadMethodAttributes (106ms)
				AfterProcessingInitializeOnLoad (18ms)
				EditorAssembliesLoaded (0ms)
			ExecutionOrderSort2 (0ms)
			AwakeInstancesAfterBackupRestoration (16ms)
Platform modules already initialized, skipping
Refreshing native plugins compatible for Editor in 3.45 ms, found 3 plugins.
Preloading 0 native plugins for Editor in 0.00 ms.
Unloading 5641 Unused Serialized files (Serialized files now loaded: 0)
Unloading 29 unused Assets / (375.4 KB). Loaded Objects now: 6371.
Memory consumption went from 263.6 MB to 263.2 MB.
Total: 4.907100 ms (FindLiveObjects: 0.698500 ms CreateObjectMapping: 0.565700 ms MarkObjects: 3.385100 ms  DeleteObjects: 0.255900 ms)

AssetImportParameters requested are different than current active one (requested -> active):
  custom:video-decoder-ogg-theora: a1e56fd34408186e4bbccfd4996cb3dc -> 
  custom:container-muxer-webm: aa71ff27fc2769a1b78a27578f13a17b -> 
  custom:container-demuxer-webm: 4f35f7cbe854078d1ac9338744f61a02 -> 
  custom:video-encoder-webm-vp8: eb34c28f22e8b96e1ab97ce403110664 -> 
  custom:video-codec-MediaFoundation-h265: 746d11721c4dcdbdad8f713fa42b33f4 -> 
  custom:audio-encoder-webm-vorbis: bf7c407c2cedff20999df2af8eb42d56 -> 
  custom:framework-win-MediaFoundation: 216162199b28c13a410421893ffa2e32 -> 
  custom:container-demuxer-ogg: 62fdf1f143b41e24485cea50d1cbac27 -> 
  custom:video-decoder-webm-vp8: 9c59270c3fd7afecdb556c50c9e8de78 -> 
  custom:audio-decoder-ogg-vorbis: bf7c407c2cedff20999df2af8eb42d56 -> 
========================================================================
Received Prepare
Registering precompiled user dll's ...
Registered in 0.015020 seconds.
Begin MonoManager ReloadAssembly
Symbol file LoadedFromMemory is not a mono symbol file
Symbol file LoadedFromMemory doesn't match image D:\Universidade\Mestrado\UnityMestrado\Projeto1\Ayahuasca\Ayahuasca\Library\PackageCache\com.unity.visualscripting@1.7.8\Editor\VisualScripting.Core\Dependencies\YamlDotNet\Unity.VisualScripting.YamlDotNet.dll
Symbol file LoadedFromMemory doesn't match image D:\Universidade\Mestrado\UnityMestrado\Projeto1\Ayahuasca\Ayahuasca\Library\PackageCache\com.unity.visualscripting@1.7.8\Editor\VisualScripting.Core\Dependencies\DotNetZip\Unity.VisualScripting.IonicZip.dll
Native extension for WindowsStandalone target not found
Refreshing native plugins compatible for Editor in 1.18 ms, found 3 plugins.
Preloading 0 native plugins for Editor in 0.00 ms.
Mono: successfully reloaded assembly
- Completed reload, in  1.433 seconds
Domain Reload Profiling:
	ReloadAssembly (1434ms)
		BeginReloadAssembly (216ms)
			ExecutionOrderSort (0ms)
			DisableScriptedObjects (6ms)
			BackupInstance (0ms)
			ReleaseScriptingObjects (0ms)
			CreateAndSetChildDomain (65ms)
		EndReloadAssembly (1097ms)
			LoadAssemblies (151ms)
			RebuildTransferFunctionScriptingTraits (0ms)
			SetupTypeCache (301ms)
			ReleaseScriptCaches (2ms)
			RebuildScriptCaches (45ms)
			SetupLoadedEditorAssemblies (533ms)
				LogAssemblyErrors (0ms)
				InitializePlatformSupportModulesInManaged (14ms)
				SetLoadedEditorAssemblies (0ms)
				RefreshPlugins (1ms)
				BeforeProcessingInitializeOnLoad (129ms)
				ProcessInitializeOnLoadAttributes (290ms)
				ProcessInitializeOnLoadMethodAttributes (84ms)
				AfterProcessingInitializeOnLoad (15ms)
				EditorAssembliesLoaded (0ms)
			ExecutionOrderSort2 (0ms)
			AwakeInstancesAfterBackupRestoration (12ms)
Platform modules already initialized, skipping
Refreshing native plugins compatible for Editor in 3.49 ms, found 3 plugins.
Preloading 0 native plugins for Editor in 0.00 ms.
Unloading 5641 Unused Serialized files (Serialized files now loaded: 0)
Unloading 29 unused Assets / (375.7 KB). Loaded Objects now: 6374.
Memory consumption went from 263.6 MB to 263.2 MB.
Total: 4.532300 ms (FindLiveObjects: 0.427300 ms CreateObjectMapping: 0.361300 ms MarkObjects: 3.529900 ms  DeleteObjects: 0.212700 ms)

AssetImportParameters requested are different than current active one (requested -> active):
  custom:video-decoder-ogg-theora: a1e56fd34408186e4bbccfd4996cb3dc -> 
  custom:container-muxer-webm: aa71ff27fc2769a1b78a27578f13a17b -> 
  custom:container-demuxer-webm: 4f35f7cbe854078d1ac9338744f61a02 -> 
  custom:video-encoder-webm-vp8: eb34c28f22e8b96e1ab97ce403110664 -> 
  custom:video-codec-MediaFoundation-h265: 746d11721c4dcdbdad8f713fa42b33f4 -> 
  custom:audio-encoder-webm-vorbis: bf7c407c2cedff20999df2af8eb42d56 -> 
  custom:framework-win-MediaFoundation: 216162199b28c13a410421893ffa2e32 -> 
  custom:container-demuxer-ogg: 62fdf1f143b41e24485cea50d1cbac27 -> 
  custom:video-decoder-webm-vp8: 9c59270c3fd7afecdb556c50c9e8de78 -> 
  custom:audio-decoder-ogg-vorbis: bf7c407c2cedff20999df2af8eb42d56 -> 
========================================================================
Received Import Request.
  Time since last request: 844.935433 seconds.
  path: Assets/_Art/Fantasy Adventure Environment/Prefabs/CliffAppearance.prefab
  artifactKey: Guid(c10c321eba25fd048889f2ab186d7ba2) Importer(815301076,1909f56bfc062723c751e8b465ee728b)
Start importing Assets/_Art/Fantasy Adventure Environment/Prefabs/CliffAppearance.prefab using Guid(c10c321eba25fd048889f2ab186d7ba2) Importer(815301076,1909f56bfc062723c751e8b465ee728b)  -> (artifact id: 'cb6f0c0eb5cf4865035e5c5556c5764a') in 0.045886 seconds 
========================================================================
Received Import Request.
  Time since last request: 1.232117 seconds.
  path: Assets/_Art/Fantasy Adventure Environment/Prefabs/Trees
  artifactKey: Guid(c64ccd62ceccdf140b2ed38f84482095) Importer(815301076,1909f56bfc062723c751e8b465ee728b)
Start importing Assets/_Art/Fantasy Adventure Environment/Prefabs/Trees using Guid(c64ccd62ceccdf140b2ed38f84482095) Importer(815301076,1909f56bfc062723c751e8b465ee728b)  -> (artifact id: 'ed825cb19fce4289800aaf3ccb93b98c') in 0.006363 seconds 
========================================================================
Received Import Request.
  Time since last request: 0.188185 seconds.
  path: Assets/_Art/Fantasy Adventure Environment/Prefabs/Trees/FAE_Birch_A.prefab
  artifactKey: Guid(ca0f87d8635ce0940b7441781fb4354d) Importer(815301076,1909f56bfc062723c751e8b465ee728b)
Start importing Assets/_Art/Fantasy Adventure Environment/Prefabs/Trees/FAE_Birch_A.prefab using Guid(ca0f87d8635ce0940b7441781fb4354d) Importer(815301076,1909f56bfc062723c751e8b465ee728b)  -> (artifact id: '5d42655f264c5b4e7500ebbe2c51d290') in 3.422205 seconds 
========================================================================
Received Import Request.
  Time since last request: 0.000045 seconds.
  path: Assets/_Art/Fantasy Adventure Environment/Prefabs/Trees/FAE_Spruce_A.prefab
  artifactKey: Guid(c3b3b094d9b00dc44bb64172916547ae) Importer(815301076,1909f56bfc062723c751e8b465ee728b)
Start importing Assets/_Art/Fantasy Adventure Environment/Prefabs/Trees/FAE_Spruce_A.prefab using Guid(c3b3b094d9b00dc44bb64172916547ae) Importer(815301076,1909f56bfc062723c751e8b465ee728b)  -> (artifact id: '91a8145fe598451fe2e810125db824ee') in 0.034713 seconds 
========================================================================
Received Import Request.
  Time since last request: 0.000064 seconds.
  path: Assets/_Art/Fantasy Adventure Environment/Prefabs/Trees/FAE_Birch_C.prefab
  artifactKey: Guid(e70352c946d2d3249b00e9e0a8b5a18f) Importer(815301076,1909f56bfc062723c751e8b465ee728b)
Start importing Assets/_Art/Fantasy Adventure Environment/Prefabs/Trees/FAE_Birch_C.prefab using Guid(e70352c946d2d3249b00e9e0a8b5a18f) Importer(815301076,1909f56bfc062723c751e8b465ee728b)  -> (artifact id: '1379df375a088170c63cf0613f7d51f4') in 0.027654 seconds 
========================================================================
Received Import Request.
  Time since last request: 0.000039 seconds.
  path: Assets/_Art/Fantasy Adventure Environment/Prefabs/Trees/FAE_Palm_B.prefab
  artifactKey: Guid(bc43630c52fcbc244afffbd2a5f818cc) Importer(815301076,1909f56bfc062723c751e8b465ee728b)
Start importing Assets/_Art/Fantasy Adventure Environment/Prefabs/Trees/FAE_Palm_B.prefab using Guid(bc43630c52fcbc244afffbd2a5f818cc) Importer(815301076,1909f56bfc062723c751e8b465ee728b)  -> (artifact id: 'b8970c143c96c846f9b78f5ea7609533') in 0.028221 seconds 
========================================================================
Received Import Request.
  Time since last request: 0.000052 seconds.
  path: Assets/_Art/Fantasy Adventure Environment/Prefabs/Trees/FAE_Tree_B.prefab
  artifactKey: Guid(84c6bb21f836c9c4995d9306e6ca3ca7) Importer(815301076,1909f56bfc062723c751e8b465ee728b)
Start importing Assets/_Art/Fantasy Adventure Environment/Prefabs/Trees/FAE_Tree_B.prefab using Guid(84c6bb21f836c9c4995d9306e6ca3ca7) Importer(815301076,1909f56bfc062723c751e8b465ee728b)  -> (artifact id: '36788e6f36d2971e429d64b28dcc64ba') in 0.029350 seconds 
========================================================================
Received Import Request.
  Time since last request: 0.000031 seconds.
  path: Assets/_Art/Fantasy Adventure Environment/Prefabs/Trees/FAE_Tree_A.prefab
  artifactKey: Guid(4369bfb570c67dd4796c048ed31d6858) Importer(815301076,1909f56bfc062723c751e8b465ee728b)
Start importing Assets/_Art/Fantasy Adventure Environment/Prefabs/Trees/FAE_Tree_A.prefab using Guid(4369bfb570c67dd4796c048ed31d6858) Importer(815301076,1909f56bfc062723c751e8b465ee728b)  -> (artifact id: 'faf2a5e11f96844972b645be9570a778') in 0.025700 seconds 
========================================================================
Received Import Request.
  Time since last request: 0.000029 seconds.
  path: Assets/_Art/Fantasy Adventure Environment/Prefabs/Trees/FAE_Willow_A.prefab
  artifactKey: Guid(c26f1e4e3796d394d8d50364ab123588) Importer(815301076,1909f56bfc062723c751e8b465ee728b)
Start importing Assets/_Art/Fantasy Adventure Environment/Prefabs/Trees/FAE_Willow_A.prefab using Guid(c26f1e4e3796d394d8d50364ab123588) Importer(815301076,1909f56bfc062723c751e8b465ee728b)  -> (artifact id: '721d007ce5b40360afd5d212a7d0c4f5') in 0.026952 seconds 
========================================================================
Received Import Request.
  Time since last request: 0.000028 seconds.
  path: Assets/_Art/Fantasy Adventure Environment/Prefabs/Trees/FAE_Palm_A.prefab
  artifactKey: Guid(19541eb32fffccb47b01bcb13704e653) Importer(815301076,1909f56bfc062723c751e8b465ee728b)
Start importing Assets/_Art/Fantasy Adventure Environment/Prefabs/Trees/FAE_Palm_A.prefab using Guid(19541eb32fffccb47b01bcb13704e653) Importer(815301076,1909f56bfc062723c751e8b465ee728b)  -> (artifact id: '872d2fcb83f5595e5d5e15d042ea52b9') in 0.028366 seconds 
========================================================================
Received Import Request.
  Time since last request: 0.000047 seconds.
  path: Assets/_Art/Fantasy Adventure Environment/Prefabs/Trees/FAE_Pine_A.prefab
  artifactKey: Guid(46f914c080cc6aa47a14f453dedb8715) Importer(815301076,1909f56bfc062723c751e8b465ee728b)
Start importing Assets/_Art/Fantasy Adventure Environment/Prefabs/Trees/FAE_Pine_A.prefab using Guid(46f914c080cc6aa47a14f453dedb8715) Importer(815301076,1909f56bfc062723c751e8b465ee728b)  -> (artifact id: '6b0163f5a2b88d9a323ddc8a9e6612d0') in 0.026367 seconds 
========================================================================
Received Import Request.
  Time since last request: 0.000043 seconds.
  path: Assets/_Art/Fantasy Adventure Environment/Prefabs/Trees/FAE_Palm_C.prefab
  artifactKey: Guid(daf1a2d7159999a4dbc298a60734b3ad) Importer(815301076,1909f56bfc062723c751e8b465ee728b)
Start importing Assets/_Art/Fantasy Adventure Environment/Prefabs/Trees/FAE_Palm_C.prefab using Guid(daf1a2d7159999a4dbc298a60734b3ad) Importer(815301076,1909f56bfc062723c751e8b465ee728b)  -> (artifact id: 'c418fa5540868d2ed2625605db7aa20c') in 0.028611 seconds 
========================================================================
Received Import Request.
  Time since last request: 0.000026 seconds.
  path: Assets/_Art/Fantasy Adventure Environment/Prefabs/Trees/FAE_Spruce_C.prefab
  artifactKey: Guid(0ccaadff1d6120d46a474a70037a5b1b) Importer(815301076,1909f56bfc062723c751e8b465ee728b)
Start importing Assets/_Art/Fantasy Adventure Environment/Prefabs/Trees/FAE_Spruce_C.prefab using Guid(0ccaadff1d6120d46a474a70037a5b1b) Importer(815301076,1909f56bfc062723c751e8b465ee728b)  -> (artifact id: 'cd3900a16df22af8593de0dc238b75ed') in 0.029460 seconds 
========================================================================
Received Import Request.
  Time since last request: 0.000034 seconds.
  path: Assets/_Art/Fantasy Adventure Environment/Prefabs/Trees/FAE_Tree_C.prefab
  artifactKey: Guid(7ae254bddcf0def478298b88c82e882a) Importer(815301076,1909f56bfc062723c751e8b465ee728b)
Start importing Assets/_Art/Fantasy Adventure Environment/Prefabs/Trees/FAE_Tree_C.prefab using Guid(7ae254bddcf0def478298b88c82e882a) Importer(815301076,1909f56bfc062723c751e8b465ee728b)  -> (artifact id: '137823c8e30bba731ab29a5a6d8ca055') in 0.069011 seconds 
========================================================================
Received Import Request.
  Time since last request: 0.000036 seconds.
  path: Assets/_Art/Fantasy Adventure Environment/Prefabs/Trees/FAE_Willow_B.prefab
  artifactKey: Guid(f38205ce7c90f6b44854e3ce06c8f473) Importer(815301076,1909f56bfc062723c751e8b465ee728b)
Start importing Assets/_Art/Fantasy Adventure Environment/Prefabs/Trees/FAE_Willow_B.prefab using Guid(f38205ce7c90f6b44854e3ce06c8f473) Importer(815301076,1909f56bfc062723c751e8b465ee728b)  -> (artifact id: 'e36181d08caab8ea8c61b429c85f98a2') in 0.019706 seconds 
Editor requested this worker to shutdown with reason: Scaling down because of idle timeout
AssetImportWorker is now disconnected from the server
Process exiting
Exiting without the bug reporter. Application will terminate with return code 0